<?xml version="1.0" encoding="UTF-8"?>
<!-- Generated by org.testng.reporters.JUnitXMLReporter -->
<testsuite hostname="E0433449" name="Default test" tests="6" failures="0" timestamp="22 Jul 2018 15:54:46 GMT" time="379.544" errors="0">
  <testcase name="TestAllBokrenImgs" time="110.15" classname="tests.CheckBrokenImgesLinkForTrivagoMagazine"/>
  <testcase name="checkuserCansendContactForm" time="7.778" classname="tests.SendContactForm"/>
  <testcase name="UserCanSubscribetoNewsLetter" time="2.263" classname="tests.SubscribeToNews"/>
  <testcase name="userCanSearchForAnyLocation" time="2.237" classname="tests.Searchforlocation"/>
  <testcase name="userCanNavigateToaDestination" time="0.804" classname="tests.NavigateToTheDestination"/>
  <testcase name="TestAllBokrenUrls" time="167.927" classname="tests.CheckBrokenLinksForTrivagoMagazine"/>
</testsuite> <!-- Default test -->
