<?xml version="1.0" encoding="UTF-8"?>
<!-- Generated by org.testng.reporters.JUnitXMLReporter -->
<testsuite hostname="E0433449" name="Regression Test" tests="6" failures="0" timestamp="22 Jul 2018 11:26:07 GMT" time="378.154" errors="0">
  <testcase name="TestAllBokrenImgs" time="111.038" classname="tests.CheckBrokenImgesLinkForTrivagoMagazine"/>
  <testcase name="TestAllBokrenUrls" time="167.653" classname="tests.CheckBrokenLinksForTrivagoMagazine"/>
  <testcase name="userCanSearchForAnyLocation" time="2.137" classname="tests.Searchforlocation"/>
  <testcase name="checkuserCansendContactForm" time="10.627" classname="tests.SendContactForm"/>
  <testcase name="UserCanSubscribetoNewsLetter" time="2.283" classname="tests.SubscribeToNews"/>
  <testcase name="userCanNavigateToaDestination" time="0.58" classname="tests.NavigateToTheDestination"/>
</testsuite> <!-- Regression Test -->
