<?xml version="1.0" encoding="UTF-8"?>
<testng-results skipped="0" failed="0" total="6" passed="6">
  <reporter-output>
  </reporter-output>
  <suite name="Default suite" duration-ms="379544" started-at="2018-07-22T15:48:26Z" finished-at="2018-07-22T15:54:46Z">
    <groups>
    </groups>
    <test name="Default test" duration-ms="379544" started-at="2018-07-22T15:48:26Z" finished-at="2018-07-22T15:54:46Z">
      <class name="tests.CheckBrokenImgesLinkForTrivagoMagazine">
        <test-method status="PASS" signature="startDriver()[pri:0, instance:tests.CheckBrokenImgesLinkForTrivagoMagazine@39c0f4a]" name="startDriver" is-config="true" duration-ms="15698" started-at="2018-07-22T17:48:26Z" finished-at="2018-07-22T17:48:42Z">
          <reporter-output>
          </reporter-output>
        </test-method> <!-- startDriver -->
        <test-method status="PASS" signature="TestAllBokrenImgs()[pri:0, instance:tests.CheckBrokenImgesLinkForTrivagoMagazine@39c0f4a]" name="TestAllBokrenImgs" duration-ms="110150" started-at="2018-07-22T17:48:42Z" finished-at="2018-07-22T17:50:32Z">
          <reporter-output>
          </reporter-output>
        </test-method> <!-- TestAllBokrenImgs -->
        <test-method status="PASS" signature="screenshotOnFailure(org.testng.ITestResult)[pri:0, instance:tests.CheckBrokenImgesLinkForTrivagoMagazine@39c0f4a]" name="screenshotOnFailure" is-config="true" duration-ms="1" started-at="2018-07-22T17:50:32Z" finished-at="2018-07-22T17:50:32Z">
          <params>
            <param index="0">
              <value>
                <![CDATA[[TestResult name=TestAllBokrenImgs status=SUCCESS method=CheckBrokenImgesLinkForTrivagoMagazine.TestAllBokrenImgs()[pri:0, instance:tests.CheckBrokenImgesLinkForTrivagoMagazine@39c0f4a] output={null}]]]>
              </value>
            </param>
          </params>
          <reporter-output>
          </reporter-output>
        </test-method> <!-- screenshotOnFailure -->
        <test-method status="PASS" signature="stopDriver()[pri:0, instance:tests.CheckBrokenImgesLinkForTrivagoMagazine@39c0f4a]" name="stopDriver" is-config="true" duration-ms="1180" started-at="2018-07-22T17:50:32Z" finished-at="2018-07-22T17:50:33Z">
          <reporter-output>
          </reporter-output>
        </test-method> <!-- stopDriver -->
      </class> <!-- tests.CheckBrokenImgesLinkForTrivagoMagazine -->
      <class name="tests.SendContactForm">
        <test-method status="PASS" signature="startDriver()[pri:0, instance:tests.SendContactForm@1794d431]" name="startDriver" is-config="true" duration-ms="14112" started-at="2018-07-22T17:50:33Z" finished-at="2018-07-22T17:50:47Z">
          <reporter-output>
          </reporter-output>
        </test-method> <!-- startDriver -->
        <test-method status="PASS" signature="checkuserCansendContactForm()[pri:0, instance:tests.SendContactForm@1794d431]" name="checkuserCansendContactForm" duration-ms="7778" started-at="2018-07-22T17:50:47Z" finished-at="2018-07-22T17:50:55Z">
          <reporter-output>
          </reporter-output>
        </test-method> <!-- checkuserCansendContactForm -->
        <test-method status="PASS" signature="stopDriver()[pri:0, instance:tests.SendContactForm@1794d431]" name="stopDriver" is-config="true" duration-ms="1091" started-at="2018-07-22T17:50:55Z" finished-at="2018-07-22T17:50:56Z">
          <reporter-output>
          </reporter-output>
        </test-method> <!-- stopDriver -->
        <test-method status="PASS" signature="screenshotOnFailure(org.testng.ITestResult)[pri:0, instance:tests.SendContactForm@1794d431]" name="screenshotOnFailure" is-config="true" duration-ms="0" started-at="2018-07-22T17:50:55Z" finished-at="2018-07-22T17:50:55Z">
          <params>
            <param index="0">
              <value>
                <![CDATA[[TestResult name=checkuserCansendContactForm status=SUCCESS method=SendContactForm.checkuserCansendContactForm()[pri:0, instance:tests.SendContactForm@1794d431] output={null}]]]>
              </value>
            </param>
          </params>
          <reporter-output>
          </reporter-output>
        </test-method> <!-- screenshotOnFailure -->
      </class> <!-- tests.SendContactForm -->
      <class name="tests.SubscribeToNews">
        <test-method status="PASS" signature="startDriver()[pri:0, instance:tests.SubscribeToNews@42e26948]" name="startDriver" is-config="true" duration-ms="13332" started-at="2018-07-22T17:50:56Z" finished-at="2018-07-22T17:51:10Z">
          <reporter-output>
          </reporter-output>
        </test-method> <!-- startDriver -->
        <test-method status="PASS" signature="UserCanSubscribetoNewsLetter()[pri:0, instance:tests.SubscribeToNews@42e26948]" name="UserCanSubscribetoNewsLetter" duration-ms="2263" started-at="2018-07-22T17:51:10Z" finished-at="2018-07-22T17:51:12Z">
          <reporter-output>
          </reporter-output>
        </test-method> <!-- UserCanSubscribetoNewsLetter -->
        <test-method status="PASS" signature="screenshotOnFailure(org.testng.ITestResult)[pri:0, instance:tests.SubscribeToNews@42e26948]" name="screenshotOnFailure" is-config="true" duration-ms="1" started-at="2018-07-22T17:51:12Z" finished-at="2018-07-22T17:51:12Z">
          <params>
            <param index="0">
              <value>
                <![CDATA[[TestResult name=UserCanSubscribetoNewsLetter status=SUCCESS method=SubscribeToNews.UserCanSubscribetoNewsLetter()[pri:0, instance:tests.SubscribeToNews@42e26948] output={null}]]]>
              </value>
            </param>
          </params>
          <reporter-output>
          </reporter-output>
        </test-method> <!-- screenshotOnFailure -->
        <test-method status="PASS" signature="stopDriver()[pri:0, instance:tests.SubscribeToNews@42e26948]" name="stopDriver" is-config="true" duration-ms="1007" started-at="2018-07-22T17:51:12Z" finished-at="2018-07-22T17:51:13Z">
          <reporter-output>
          </reporter-output>
        </test-method> <!-- stopDriver -->
      </class> <!-- tests.SubscribeToNews -->
      <class name="tests.Searchforlocation">
        <test-method status="PASS" signature="startDriver()[pri:0, instance:tests.Searchforlocation@57baeedf]" name="startDriver" is-config="true" duration-ms="12737" started-at="2018-07-22T17:51:13Z" finished-at="2018-07-22T17:51:26Z">
          <reporter-output>
          </reporter-output>
        </test-method> <!-- startDriver -->
        <test-method status="PASS" signature="userCanSearchForAnyLocation()[pri:1, instance:tests.Searchforlocation@57baeedf]" name="userCanSearchForAnyLocation" duration-ms="2237" started-at="2018-07-22T17:51:26Z" finished-at="2018-07-22T17:51:28Z">
          <reporter-output>
          </reporter-output>
        </test-method> <!-- userCanSearchForAnyLocation -->
        <test-method status="PASS" signature="screenshotOnFailure(org.testng.ITestResult)[pri:0, instance:tests.Searchforlocation@57baeedf]" name="screenshotOnFailure" is-config="true" duration-ms="0" started-at="2018-07-22T17:51:28Z" finished-at="2018-07-22T17:51:28Z">
          <params>
            <param index="0">
              <value>
                <![CDATA[[TestResult name=userCanSearchForAnyLocation status=SUCCESS method=Searchforlocation.userCanSearchForAnyLocation()[pri:1, instance:tests.Searchforlocation@57baeedf] output={null}]]]>
              </value>
            </param>
          </params>
          <reporter-output>
          </reporter-output>
        </test-method> <!-- screenshotOnFailure -->
        <test-method status="PASS" signature="stopDriver()[pri:0, instance:tests.Searchforlocation@57baeedf]" name="stopDriver" is-config="true" duration-ms="1150" started-at="2018-07-22T17:51:28Z" finished-at="2018-07-22T17:51:29Z">
          <reporter-output>
          </reporter-output>
        </test-method> <!-- stopDriver -->
      </class> <!-- tests.Searchforlocation -->
      <class name="tests.CheckBrokenLinksForTrivagoMagazine">
        <test-method status="PASS" signature="startDriver()[pri:0, instance:tests.CheckBrokenLinksForTrivagoMagazine@53b32d7]" name="startDriver" is-config="true" duration-ms="13472" started-at="2018-07-22T17:51:43Z" finished-at="2018-07-22T17:51:57Z">
          <reporter-output>
          </reporter-output>
        </test-method> <!-- startDriver -->
        <test-method status="PASS" signature="TestAllBokrenUrls()[pri:0, instance:tests.CheckBrokenLinksForTrivagoMagazine@53b32d7]" name="TestAllBokrenUrls" duration-ms="167927" started-at="2018-07-22T17:51:57Z" finished-at="2018-07-22T17:54:45Z">
          <reporter-output>
          </reporter-output>
        </test-method> <!-- TestAllBokrenUrls -->
        <test-method status="PASS" signature="screenshotOnFailure(org.testng.ITestResult)[pri:0, instance:tests.CheckBrokenLinksForTrivagoMagazine@53b32d7]" name="screenshotOnFailure" is-config="true" duration-ms="1" started-at="2018-07-22T17:54:45Z" finished-at="2018-07-22T17:54:45Z">
          <params>
            <param index="0">
              <value>
                <![CDATA[[TestResult name=TestAllBokrenUrls status=SUCCESS method=CheckBrokenLinksForTrivagoMagazine.TestAllBokrenUrls()[pri:0, instance:tests.CheckBrokenLinksForTrivagoMagazine@53b32d7] output={null}]]]>
              </value>
            </param>
          </params>
          <reporter-output>
          </reporter-output>
        </test-method> <!-- screenshotOnFailure -->
        <test-method status="PASS" signature="stopDriver()[pri:0, instance:tests.CheckBrokenLinksForTrivagoMagazine@53b32d7]" name="stopDriver" is-config="true" duration-ms="1082" started-at="2018-07-22T17:54:45Z" finished-at="2018-07-22T17:54:46Z">
          <reporter-output>
          </reporter-output>
        </test-method> <!-- stopDriver -->
      </class> <!-- tests.CheckBrokenLinksForTrivagoMagazine -->
      <class name="tests.NavigateToTheDestination">
        <test-method status="PASS" signature="startDriver()[pri:0, instance:tests.NavigateToTheDestination@343f4d3d]" name="startDriver" is-config="true" duration-ms="12449" started-at="2018-07-22T17:51:29Z" finished-at="2018-07-22T17:51:41Z">
          <reporter-output>
          </reporter-output>
        </test-method> <!-- startDriver -->
        <test-method status="PASS" signature="userCanNavigateToaDestination()[pri:0, instance:tests.NavigateToTheDestination@343f4d3d]" name="userCanNavigateToaDestination" duration-ms="804" started-at="2018-07-22T17:51:41Z" finished-at="2018-07-22T17:51:42Z">
          <reporter-output>
          </reporter-output>
        </test-method> <!-- userCanNavigateToaDestination -->
        <test-method status="PASS" signature="screenshotOnFailure(org.testng.ITestResult)[pri:0, instance:tests.NavigateToTheDestination@343f4d3d]" name="screenshotOnFailure" is-config="true" duration-ms="0" started-at="2018-07-22T17:51:42Z" finished-at="2018-07-22T17:51:42Z">
          <params>
            <param index="0">
              <value>
                <![CDATA[[TestResult name=userCanNavigateToaDestination status=SUCCESS method=NavigateToTheDestination.userCanNavigateToaDestination()[pri:0, instance:tests.NavigateToTheDestination@343f4d3d] output={null}]]]>
              </value>
            </param>
          </params>
          <reporter-output>
          </reporter-output>
        </test-method> <!-- screenshotOnFailure -->
        <test-method status="PASS" signature="stopDriver()[pri:0, instance:tests.NavigateToTheDestination@343f4d3d]" name="stopDriver" is-config="true" duration-ms="1039" started-at="2018-07-22T17:51:42Z" finished-at="2018-07-22T17:51:43Z">
          <reporter-output>
          </reporter-output>
        </test-method> <!-- stopDriver -->
      </class> <!-- tests.NavigateToTheDestination -->
    </test> <!-- Default test -->
  </suite> <!-- Default suite -->
</testng-results>
